<?xml version="1.0" encoding="UTF-8"?>
<testng-results ignored="0" total="1" passed="1" failed="0" skipped="0">
  <reporter-output>
  </reporter-output>
  <suite started-at="2022-08-21T14:07:42 EDT" name="Default suite" finished-at="2022-08-21T14:07:45 EDT" duration-ms="3741">
    <groups>
    </groups>
    <test started-at="2022-08-21T14:07:42 EDT" name="Default test" finished-at="2022-08-21T14:07:45 EDT" duration-ms="3741">
      <class name="com.tests.CartTest">
        <test-method is-config="true" signature="setUp()[pri:0, instance:com.tests.CartTest@618425b5]" started-at="2022-08-21T14:07:42 EDT" name="setUp" finished-at="2022-08-21T14:07:45 EDT" duration-ms="2848" status="PASS">
          <reporter-output>
          </reporter-output>
        </test-method> <!-- setUp -->
        <test-method signature="addItemsTest()[pri:0, instance:com.tests.CartTest@618425b5]" started-at="2022-08-21T14:07:45 EDT" name="addItemsTest" finished-at="2022-08-21T14:07:45 EDT" duration-ms="736" status="PASS">
          <reporter-output>
          </reporter-output>
        </test-method> <!-- addItemsTest -->
        <test-method is-config="true" signature="tearDown()[pri:0, instance:com.tests.CartTest@618425b5]" started-at="2022-08-21T14:07:45 EDT" name="tearDown" finished-at="2022-08-21T14:07:45 EDT" duration-ms="126" status="PASS">
          <reporter-output>
          </reporter-output>
        </test-method> <!-- tearDown -->
      </class> <!-- com.tests.CartTest -->
    </test> <!-- Default test -->
  </suite> <!-- Default suite -->
</testng-results>
